D:\EDITION\FULL N FINALE\DEBUG\IGRAPHICS PROJECT.EXE
D:\EDITION\FULL N FINALE\DEBUG\IGRAPHICS PROJECT.ILK
D:\EDITION\FULL N FINALE\DEBUG\IGRAPHICS PROJECT.PDB
D:\EDITION\FULL N FINALE\iGraphics Project\Debug\cl.command.1.tlog
D:\EDITION\FULL N FINALE\iGraphics Project\Debug\CL.read.1.tlog
D:\EDITION\FULL N FINALE\iGraphics Project\Debug\CL.write.1.tlog
D:\EDITION\FULL N FINALE\IGRAPHICS PROJECT\DEBUG\IGRAPHICS PROJECT.EXE.INTERMEDIATE.MANIFEST
D:\EDITION\FULL N FINALE\IGRAPHICS PROJECT\DEBUG\IGRAPHICS PROJECT.RES
D:\EDITION\FULL N FINALE\iGraphics Project\Debug\iGraphics Project.vcxprojResolveAssemblyReference.cache
D:\EDITION\FULL N FINALE\iGraphics Project\Debug\iGraphics Project.write.1.tlog
D:\EDITION\FULL N FINALE\IGRAPHICS PROJECT\DEBUG\IMAIN.OBJ
D:\EDITION\FULL N FINALE\iGraphics Project\Debug\link.command.1.tlog
D:\EDITION\FULL N FINALE\iGraphics Project\Debug\link.read.1.tlog
D:\EDITION\FULL N FINALE\iGraphics Project\Debug\link.write.1.tlog
D:\EDITION\FULL N FINALE\iGraphics Project\Debug\link-cvtres.read.1.tlog
D:\EDITION\FULL N FINALE\iGraphics Project\Debug\link-cvtres.write.1.tlog
D:\EDITION\FULL N FINALE\iGraphics Project\Debug\mt.command.1.tlog
D:\EDITION\FULL N FINALE\iGraphics Project\Debug\mt.read.1.tlog
D:\EDITION\FULL N FINALE\iGraphics Project\Debug\mt.write.1.tlog
D:\EDITION\FULL N FINALE\iGraphics Project\Debug\rc.command.1.tlog
D:\EDITION\FULL N FINALE\iGraphics Project\Debug\rc.read.1.tlog
D:\EDITION\FULL N FINALE\iGraphics Project\Debug\rc.write.1.tlog
D:\EDITION\FULL N FINALE\iGraphics Project\Debug\vc100.idb
D:\EDITION\FULL N FINALE\IGRAPHICS PROJECT\DEBUG\VC100.PDB
